[17:48:30] [ServerMain/INFO]: Environment: authHost='https://authserver.mojang.com', accountsHost='https://api.mojang.com', sessionHost='https://sessionserver.mojang.com', servicesHost='https://api.minecraftservices.com', name='PROD'
[17:48:31] [ServerMain/INFO]: Found new data pack file/bukkit, loading it automatically
[17:48:32] [ServerMain/INFO]: Loaded 7 recipes
[17:48:33] [Server thread/INFO]: Starting minecraft server version 1.20.1
[17:48:33] [Server thread/INFO]: Loading properties
[17:48:33] [Server thread/INFO]: This server is running Paper version git-Paper-196 (MC: 1.20.1) (Implementing API version 1.20.1-R0.1-SNAPSHOT) (Git: 773dd72)
[17:48:33] [Server thread/INFO]: Server Ping Player Sample Count: 12
[17:48:33] [Server thread/INFO]: Using 4 threads for Netty based IO
[17:48:34] [Server thread/INFO]: [ChunkTaskScheduler] Chunk system is using 1 I/O threads, 1 worker threads, and gen parallelism of 1 threads
[17:48:34] [Server thread/WARN]: [!] The timings profiler has been enabled but has been scheduled for removal from Paper in the future.
    We recommend installing the spark profiler as a replacement: https://spark.lucko.me/
    For more information please visit: https://github.com/PaperMC/Paper/issues/8948
[17:48:34] [Server thread/INFO]: Default game type: SURVIVAL
[17:48:34] [Server thread/INFO]: Generating keypair
[17:48:34] [Server thread/INFO]: Starting Minecraft server on *:25565
[17:48:34] [Server thread/INFO]: Using epoll channel type
[17:48:34] [Server thread/INFO]: Paper: Using libdeflate (Linux x86_64) compression from Velocity.
[17:48:34] [Server thread/INFO]: Paper: Using OpenSSL 3.0.x (Linux x86_64) cipher from Velocity.
[17:48:34] [Server thread/WARN]: **** SERVER IS RUNNING IN OFFLINE/INSECURE MODE!
[17:48:34] [Server thread/WARN]: The server will make no attempt to authenticate usernames. Beware.
[17:48:34] [Server thread/WARN]: While this makes the game possible to play without internet access, it also opens up the ability for hackers to connect with any username they choose.
[17:48:34] [Server thread/WARN]: To change this, set "online-mode" to "true" in the server.properties file.
[17:48:34] [Server thread/INFO]: Preparing level "world"
[17:48:46] [Server thread/INFO]: Preparing start region for dimension minecraft:overworld
[17:48:46] [Server thread/INFO]: Time elapsed: 208 ms
[17:48:46] [Server thread/INFO]: Preparing start region for dimension minecraft:the_nether
[17:48:46] [Server thread/INFO]: Time elapsed: 188 ms
[17:48:46] [Server thread/INFO]: Preparing start region for dimension minecraft:the_end
[17:48:46] [Server thread/INFO]: Time elapsed: 171 ms
[17:48:46] [Server thread/INFO]: Running delayed init tasks
[17:48:46] [Server thread/INFO]: Done (13.544s)! For help, type "help"
[17:48:46] [Server thread/INFO]: Timings Reset
[17:48:46] [Server thread/INFO]: Unknown command. Type "/help" for help.
[17:48:52] [User Authenticator #0/INFO]: UUID of player NotVisions is 74082e0a-01be-3dfc-b857-129abf97e6ba
[17:48:53] [Server thread/INFO]: NotVisions joined the game
[17:48:53] [Server thread/INFO]: NotVisions[/127.182.36.45:55347] logged in with entity id 8 at ([world]-35.5, 74.0, -82.5)
[17:49:00] [Server thread/INFO]: Unknown command. Type "/help" for help.
[17:49:40] [User Authenticator #0/INFO]: UUID of player CJgoon is 314f1660-8e99-3248-a179-827b06cea698
[17:49:40] [Server thread/INFO]: CJgoon joined the game
[17:49:40] [Server thread/INFO]: CJgoon[/127.70.111.71:51813] logged in with entity id 438 at ([world]-40.5, 76.0, -73.5)
[17:50:14] [Async Chat Thread - #1/INFO]: [Not Secure] <NotVisions> ya?
[17:50:19] [Async Chat Thread - #0/INFO]: [Not Secure] <CJgoon> no xd
[17:50:27] [Async Chat Thread - #1/INFO]: [Not Secure] <NotVisions> q lag tiene el server
[17:50:28] [Async Chat Thread - #0/INFO]: [Not Secure] <CJgoon> cada que escrivo dice comando no valido
[17:50:31] [Async Chat Thread - #1/INFO]: [Not Secure] <NotVisions> a no soy yo
[17:50:39] [Async Chat Thread - #0/INFO]: [Not Secure] <NotVisions> en la consola?
[17:50:42] [Async Chat Thread - #1/INFO]: [Not Secure] <CJgoon> si
[17:50:52] [Server thread/INFO]: CJgoon was slain by NotVisions
[17:51:04] [Async Chat Thread - #0/INFO]: [Not Secure] <NotVisions> xd
[17:51:19] [Server thread/INFO]: NotVisions was slain by CJgoon
[17:51:21] [Async Chat Thread - #1/INFO]: [Not Secure] <CJgoon> xd
[17:51:25] [Server thread/INFO]: Unknown command. Type "/help" for help.
[17:51:34] [Server thread/INFO]: CJgoon was slain by Spider
[17:52:05] [Async Chat Thread - #0/INFO]: [Not Secure] <CJgoon> creo que es la version o algo
[17:52:11] [Async Chat Thread - #1/INFO]: [Not Secure] <CJgoon> pq no es normal xd
[17:52:40] [Async Chat Thread - #0/INFO]: [Not Secure] <NotVisions> antes te dejaba?
[17:52:43] [Async Chat Thread - #1/INFO]: [Not Secure] <CJgoon> si
[17:52:47] [Async Chat Thread - #0/INFO]: [Not Secure] <CJgoon> a
[17:52:48] [Server thread/WARN]: NotVisions was kicked for floating too long!
[17:52:48] [Server thread/INFO]: NotVisions lost connection: Flying is not enabled on this server
[17:52:48] [Server thread/INFO]: NotVisions left the game
[17:52:51] [User Authenticator #1/INFO]: UUID of player NotVisions is 74082e0a-01be-3dfc-b857-129abf97e6ba
[17:52:51] [Server thread/INFO]: NotVisions joined the game
[17:52:51] [Server thread/INFO]: NotVisions[/127.182.36.45:47809] logged in with entity id 1021 at ([world]-56.01727145428954, 72.37856376686534, -68.98073752576568)
[17:52:55] [Async Chat Thread - #1/INFO]: [Not Secure] <CJgoon> y esos hacks
[17:52:58] [Async Chat Thread - #0/INFO]: [Not Secure] <NotVisions> pon fabric entonces
[17:52:58] [Server thread/INFO]: NotVisions tried to swim in lava to escape CJgoon
[17:53:02] [Async Chat Thread - #1/INFO]: [Not Secure] <CJgoon> bue
[17:53:04] [Server thread/INFO]: CJgoon lost connection: Disconnected
[17:53:04] [Server thread/INFO]: CJgoon left the game
[17:53:10] [Server thread/INFO]: NotVisions lost connection: Disconnected
[17:53:10] [Server thread/INFO]: NotVisions left the game
[17:53:10] [Server thread/INFO]: Stopping server
[17:53:10] [Server thread/INFO]: Saving players
[17:53:10] [Server thread/INFO]: Saving worlds
[17:53:10] [Server thread/INFO]: Saving chunks for level 'ServerLevel[world]'/minecraft:overworld
[17:53:10] [Server thread/INFO]: [ChunkHolderManager] Waiting 60s for chunk system to halt for world 'world'
[17:53:10] [Server thread/INFO]: [ChunkHolderManager] Halted chunk system for world 'world'
[17:53:10] [Server thread/INFO]: [ChunkHolderManager] Saving all chunkholders for world 'world'
[17:53:12] [Server thread/INFO]: [ChunkHolderManager] Saved 2335 block chunks, 778 entity chunks, 2 poi chunks in world 'world' in 1.92s
[17:53:12] [Server thread/INFO]: ThreadedAnvilChunkStorage (world): All chunks are saved
[17:53:12] [Server thread/INFO]: Saving chunks for level 'ServerLevel[world_nether]'/minecraft:the_nether
[17:53:12] [Server thread/INFO]: [ChunkHolderManager] Waiting 60s for chunk system to halt for world 'world_nether'
[17:53:12] [Server thread/INFO]: [ChunkHolderManager] Halted chunk system for world 'world_nether'
[17:53:12] [Server thread/INFO]: [ChunkHolderManager] Saving all chunkholders for world 'world_nether'
[17:53:13] [Server thread/INFO]: [ChunkHolderManager] Saved 2025 block chunks, 529 entity chunks, 0 poi chunks in world 'world_nether' in 1.00s
[17:53:13] [Server thread/INFO]: ThreadedAnvilChunkStorage (DIM-1): All chunks are saved
[17:53:13] [Server thread/INFO]: Saving chunks for level 'ServerLevel[world_the_end]'/minecraft:the_end
[17:53:13] [Server thread/INFO]: [ChunkHolderManager] Waiting 60s for chunk system to halt for world 'world_the_end'
[17:53:13] [Server thread/INFO]: [ChunkHolderManager] Halted chunk system for world 'world_the_end'
[17:53:13] [Server thread/INFO]: [ChunkHolderManager] Saving all chunkholders for world 'world_the_end'
[17:53:14] [Server thread/INFO]: [ChunkHolderManager] Saved 2025 block chunks, 529 entity chunks, 0 poi chunks in world 'world_the_end' in 0.38s
[17:53:14] [Server thread/INFO]: ThreadedAnvilChunkStorage (DIM1): All chunks are saved
[17:53:14] [Server thread/INFO]: ThreadedAnvilChunkStorage: All dimensions are saved
[17:53:14] [Server thread/INFO]: Flushing Chunk IO
[17:53:14] [Server thread/INFO]: Closing Thread Pool
[17:53:14] [Server thread/INFO]: Closing Server
